2026-01-06 19:20:26,348 - INFO - ============================================================
2026-01-06 19:20:26,349 - INFO - ж¤…еї»жё©е‡µ е»–пїЅ MOEX AI - жЉўе«Ње’Ѕ
2026-01-06 19:20:26,349 - INFO - ============================================================
2026-01-06 19:20:26,383 - INFO - ж‹ЋзЋЋ жє§зњ„оЋў жЎ§жЎ·ж Іи…“зЋ·з—¤еї„зЈ¬: sqlite:///data/trading_bot.db
2026-01-06 19:20:26,453 - INFO - 
============================================================
2026-01-06 19:20:26,453 - INFO - дїЎиї«пїЅ: е‘ђж¶› (еѕЁпїЅ з–±ељЇоЏёоЋў зљІе’«й“Њ)
2026-01-06 19:20:26,453 - INFO - ============================================================
2026-01-06 19:20:26,454 - INFO - 
зђ†ељЇжЎ¤ ињ©иµЌз—¤пїЅ: SBER, GAZP, LKOH, GMKN
2026-01-06 19:20:26,454 - INFO - ------------------------------------------------------------
2026-01-06 19:20:26,521 - INFO - йќ’жІ­з®§е±™пїЅ 2603 з–‹й¬»еЅ жЅ†пїЅ SBER
2026-01-06 19:20:26,522 - INFO - жќЁзЋџе›—жЎў й•іжЎ¤зЈ¬и§ђпїЅ жЎ¤ 2603 з–‹й¬»еЅ
2026-01-06 19:20:26,639 - INFO - жќЁзЋџе›—пїЅ 91 й•іжЎ¤зЈ¬и§ђпїЅ, з®ђељЇе±™пїЅ 99 иЂ±з—¤пїЅ
2026-01-06 19:20:26,665 - INFO -   жґ›з—¤пїЅиќЅй“–ићЇ з—¤иЂ±пїЅ: 5.2%
2026-01-06 19:20:26,665 - INFO -   и°љжІ©ељЇ: HOLD
2026-01-06 19:20:26,718 - INFO - йќ’жІ­з®§е±™пїЅ 2606 з–‹й¬»еЅ жЅ†пїЅ GAZP
2026-01-06 19:20:26,719 - INFO - жќЁзЋџе›—жЎў й•іжЎ¤зЈ¬и§ђпїЅ жЎ¤ 2606 з–‹й¬»еЅ
2026-01-06 19:20:26,839 - INFO - жќЁзЋџе›—пїЅ 91 й•іжЎ¤зЈ¬и§ђпїЅ, з®ђељЇе±™пїЅ 104 иЂ±з—¤пїЅ
2026-01-06 19:20:26,860 - INFO -   жґ›з—¤пїЅиќЅй“–ићЇ з—¤иЂ±пїЅ: 15.1%
2026-01-06 19:20:26,861 - INFO -   и°љжІ©ељЇ: HOLD
2026-01-06 19:20:26,963 - INFO - йќ’жІ­з®§е±™пїЅ 2602 з–‹й¬»еЅ жЅ†пїЅ LKOH
2026-01-06 19:20:26,964 - INFO - жќЁзЋџе›—жЎў й•іжЎ¤зЈ¬и§ђпїЅ жЎ¤ 2602 з–‹й¬»еЅ
2026-01-06 19:20:27,084 - INFO - жќЁзЋџе›—пїЅ 91 й•іжЎ¤зЈ¬и§ђпїЅ, з®ђељЇе±™пїЅ 99 иЂ±з—¤пїЅ
2026-01-06 19:20:27,105 - INFO -   жґ›з—¤пїЅиќЅй“–ићЇ з—¤иЂ±пїЅ: 7.8%
2026-01-06 19:20:27,105 - INFO -   и°љжІ©ељЇ: HOLD
2026-01-06 19:20:27,152 - INFO - йќ’жІ­з®§е±™пїЅ 2607 з–‹й¬»еЅ жЅ†пїЅ GMKN
2026-01-06 19:20:27,153 - INFO - жќЁзЋџе›—жЎў й•іжЎ¤зЈ¬и§ђпїЅ жЎ¤ 2607 з–‹й¬»еЅ
2026-01-06 19:20:27,268 - INFO - жќЁзЋџе›—пїЅ 91 й•іжЎ¤зЈ¬и§ђпїЅ, з®ђељЇе±™пїЅ 101 иЂ±з—¤пїЅ
2026-01-06 19:20:27,290 - INFO -   жґ›з—¤пїЅиќЅй“–ићЇ з—¤иЂ±пїЅ: 16.0%
2026-01-06 19:20:27,290 - INFO -   и°љжІ©ељЇ: HOLD
2026-01-06 19:20:27,291 - INFO - 
============================================================
2026-01-06 19:20:27,291 - INFO - зє«иљЉпїЅ еЉіжµЄжѓ№пїЅ
2026-01-06 19:20:27,291 - INFO - ============================================================
2026-01-06 19:20:27,301 - INFO - 
============================================================
2026-01-06 19:20:27,302 - INFO - е»–пїЅ жЉўе±Ўиѓёдєє ж¬Је»–зџЈ
2026-01-06 19:20:27,302 - INFO - ============================================================
2026-01-06 19:37:13,898 - INFO - ============================================================
2026-01-06 19:37:13,899 - INFO - ТОРГОВЫЙ БОТ MOEX AI - ЗАПУСК
2026-01-06 19:37:13,899 - INFO - ============================================================
2026-01-06 19:37:13,942 - INFO - База данных инициализирована: sqlite:///data/trading_bot.db
2026-01-06 19:37:13,943 - WARNING - Telegram токен или chat_id не указаны
2026-01-06 19:37:13,972 - INFO - + Модель загружена
2026-01-06 19:37:13,974 - INFO - + Капитал: 1,000,000 RUB
2026-01-06 19:37:13,974 - INFO - + Все компоненты готовы!
2026-01-06 19:37:13,975 - INFO - 
РЕЖИМ: ДЕМО
2026-01-06 19:37:13,976 - WARNING - Telegram бот не настроен
2026-01-06 19:37:13,977 - INFO - 
[*] Анализ SBER...
2026-01-06 19:37:14,046 - INFO - Загружено 2603 свечей для SBER
2026-01-06 19:37:14,047 - INFO - Создание признаков из 2603 свечей
2026-01-06 19:37:14,170 - INFO - Создано 91 признаков, удалено 99 строк
2026-01-06 19:37:14,191 - INFO -   Цена: 299.13 RUB
2026-01-06 19:37:14,191 - INFO -   Вероятность: 5.2%
2026-01-06 19:37:14,191 - INFO -   Сигнал: HOLD
2026-01-06 19:37:14,192 - INFO - 
[*] Анализ GAZP...
2026-01-06 19:37:14,235 - INFO - Загружено 2606 свечей для GAZP
2026-01-06 19:37:14,236 - INFO - Создание признаков из 2606 свечей
2026-01-06 19:37:14,349 - INFO - Создано 91 признаков, удалено 104 строк
2026-01-06 19:37:14,366 - INFO -   Цена: 123.55 RUB
2026-01-06 19:37:14,367 - INFO -   Вероятность: 15.1%
2026-01-06 19:37:14,367 - INFO -   Сигнал: HOLD
2026-01-06 19:37:14,368 - INFO - 
[*] Анализ LKOH...
2026-01-06 19:37:14,409 - INFO - Загружено 2602 свечей для LKOH
2026-01-06 19:37:14,409 - INFO - Создание признаков из 2602 свечей
2026-01-06 19:37:14,526 - INFO - Создано 91 признаков, удалено 99 строк
2026-01-06 19:37:14,550 - INFO -   Цена: 5886.50 RUB
2026-01-06 19:37:14,551 - INFO -   Вероятность: 7.8%
2026-01-06 19:37:14,551 - INFO -   Сигнал: HOLD
2026-01-06 19:37:14,552 - INFO - 
[*] Анализ GMKN...
2026-01-06 19:37:14,594 - INFO - Загружено 2607 свечей для GMKN
2026-01-06 19:37:14,597 - INFO - Создание признаков из 2607 свечей
2026-01-06 19:37:14,720 - INFO - Создано 91 признаков, удалено 101 строк
2026-01-06 19:37:14,737 - INFO -   Цена: 152.40 RUB
2026-01-06 19:37:14,738 - INFO -   Вероятность: 16.0%
2026-01-06 19:37:14,738 - INFO -   Сигнал: HOLD
2026-01-06 19:37:14,739 - WARNING - Telegram бот не настроен
2026-01-06 19:37:14,739 - INFO - 
[!] Сигналов на покупку нет
2026-01-06 19:37:14,740 - INFO - 
Капитал: 1,000,000 RUB
2026-01-06 19:37:14,740 - INFO - Статус: OK
2026-01-06 19:37:14,740 - INFO - 
БОТ ЗАВЕРШИЛ РАБОТУ
2026-01-06 19:38:22,500 - INFO - ============================================================
2026-01-06 19:38:22,501 - INFO - ТОРГОВЫЙ БОТ MOEX AI - ЗАПУСК
2026-01-06 19:38:22,502 - INFO - ============================================================
2026-01-06 19:38:22,552 - INFO - База данных инициализирована: sqlite:///data/trading_bot.db
2026-01-06 19:38:22,553 - WARNING - Telegram токен или chat_id не указаны
2026-01-06 19:38:22,585 - INFO - + Модель загружена
2026-01-06 19:38:22,586 - INFO - + Капитал: 1,000,000 RUB
2026-01-06 19:38:22,586 - INFO - + Все компоненты готовы!
2026-01-06 19:38:22,587 - INFO - 
РЕЖИМ: ДЕМО
2026-01-06 19:38:22,589 - WARNING - Telegram бот не настроен
2026-01-06 19:38:22,589 - INFO - 
[*] Анализ SBER...
2026-01-06 19:38:22,670 - INFO - Загружено 2603 свечей для SBER
2026-01-06 19:38:22,671 - INFO - Создание признаков из 2603 свечей
2026-01-06 19:38:22,782 - INFO - Создано 91 признаков, удалено 99 строк
2026-01-06 19:38:22,801 - INFO -   Цена: 299.13 RUB
2026-01-06 19:38:22,801 - INFO -   Вероятность: 5.2%
2026-01-06 19:38:22,802 - INFO -   Сигнал: HOLD
2026-01-06 19:38:22,802 - INFO - 
[*] Анализ GAZP...
2026-01-06 19:38:22,854 - INFO - Загружено 2606 свечей для GAZP
2026-01-06 19:38:22,855 - INFO - Создание признаков из 2606 свечей
2026-01-06 19:38:22,964 - INFO - Создано 91 признаков, удалено 104 строк
2026-01-06 19:38:22,981 - INFO -   Цена: 123.55 RUB
2026-01-06 19:38:22,981 - INFO -   Вероятность: 15.1%
2026-01-06 19:38:22,982 - INFO -   Сигнал: HOLD
2026-01-06 19:38:22,982 - INFO - 
[*] Анализ LKOH...
2026-01-06 19:38:23,024 - INFO - Загружено 2602 свечей для LKOH
2026-01-06 19:38:23,024 - INFO - Создание признаков из 2602 свечей
2026-01-06 19:38:23,144 - INFO - Создано 91 признаков, удалено 99 строк
2026-01-06 19:38:23,166 - INFO -   Цена: 5886.50 RUB
2026-01-06 19:38:23,167 - INFO -   Вероятность: 7.8%
2026-01-06 19:38:23,167 - INFO -   Сигнал: HOLD
2026-01-06 19:38:23,167 - INFO - 
[*] Анализ GMKN...
2026-01-06 19:38:23,213 - INFO - Загружено 2607 свечей для GMKN
2026-01-06 19:38:23,214 - INFO - Создание признаков из 2607 свечей
2026-01-06 19:38:23,329 - INFO - Создано 91 признаков, удалено 101 строк
2026-01-06 19:38:23,345 - INFO -   Цена: 152.40 RUB
2026-01-06 19:38:23,346 - INFO -   Вероятность: 16.0%
2026-01-06 19:38:23,346 - INFO -   Сигнал: HOLD
2026-01-06 19:38:23,347 - WARNING - Telegram бот не настроен
2026-01-06 19:38:23,347 - INFO - 
[!] Сигналов на покупку нет
2026-01-06 19:38:23,347 - INFO - 
Капитал: 1,000,000 RUB
2026-01-06 19:38:23,348 - INFO - Статус: OK
2026-01-06 19:38:23,348 - INFO - 
БОТ ЗАВЕРШИЛ РАБОТУ
2026-01-06 19:39:29,024 - INFO - ============================================================
2026-01-06 19:39:29,025 - INFO - ТОРГОВЫЙ БОТ MOEX AI - ЗАПУСК
2026-01-06 19:39:29,026 - INFO - ============================================================
2026-01-06 19:39:29,064 - INFO - База данных инициализирована: sqlite:///data/trading_bot.db
2026-01-06 19:39:30,816 - INFO - Telegram бот инициализирован
2026-01-06 19:39:30,839 - INFO - + Модель загружена
2026-01-06 19:39:30,840 - INFO - + Капитал: 1,000,000 RUB
2026-01-06 19:39:30,841 - INFO - + Все компоненты готовы!
2026-01-06 19:39:30,841 - INFO - 
РЕЖИМ: ДЕМО
2026-01-06 19:39:31,236 - INFO - HTTP Request: POST https://api.telegram.org/bot8577142754:AAFPnYdzaCHZ_a7axstGyHETDIYuhV9Ckng/sendMessage "HTTP/1.1 200 OK"
2026-01-06 19:39:31,239 - INFO - Сообщение отправлено в Telegram
2026-01-06 19:39:31,240 - INFO - 
[*] Анализ SBER...
2026-01-06 19:39:31,325 - INFO - Загружено 2603 свечей для SBER
2026-01-06 19:39:31,326 - INFO - Создание признаков из 2603 свечей
2026-01-06 19:39:31,488 - INFO - Создано 91 признаков, удалено 99 строк
2026-01-06 19:39:31,512 - INFO -   Цена: 299.13 RUB
2026-01-06 19:39:31,512 - INFO -   Вероятность: 5.2%
2026-01-06 19:39:31,513 - INFO -   Сигнал: HOLD
2026-01-06 19:39:31,513 - INFO - 
[*] Анализ GAZP...
2026-01-06 19:39:31,562 - INFO - Загружено 2606 свечей для GAZP
2026-01-06 19:39:31,562 - INFO - Создание признаков из 2606 свечей
2026-01-06 19:39:31,679 - INFO - Создано 91 признаков, удалено 104 строк
2026-01-06 19:39:31,696 - INFO -   Цена: 123.55 RUB
2026-01-06 19:39:31,697 - INFO -   Вероятность: 15.1%
2026-01-06 19:39:31,698 - INFO -   Сигнал: HOLD
2026-01-06 19:39:31,698 - INFO - 
[*] Анализ LKOH...
2026-01-06 19:39:31,743 - INFO - Загружено 2602 свечей для LKOH
2026-01-06 19:39:31,743 - INFO - Создание признаков из 2602 свечей
2026-01-06 19:39:31,869 - INFO - Создано 91 признаков, удалено 99 строк
2026-01-06 19:39:31,886 - INFO -   Цена: 5886.50 RUB
2026-01-06 19:39:31,886 - INFO -   Вероятность: 7.8%
2026-01-06 19:39:31,887 - INFO -   Сигнал: HOLD
2026-01-06 19:39:31,888 - INFO - 
[*] Анализ GMKN...
2026-01-06 19:39:31,931 - INFO - Загружено 2607 свечей для GMKN
2026-01-06 19:39:31,932 - INFO - Создание признаков из 2607 свечей
2026-01-06 19:39:32,041 - INFO - Создано 91 признаков, удалено 101 строк
2026-01-06 19:39:32,057 - INFO -   Цена: 152.40 RUB
2026-01-06 19:39:32,058 - INFO -   Вероятность: 16.0%
2026-01-06 19:39:32,058 - INFO -   Сигнал: HOLD
2026-01-06 19:39:32,224 - INFO - HTTP Request: POST https://api.telegram.org/bot8577142754:AAFPnYdzaCHZ_a7axstGyHETDIYuhV9Ckng/sendMessage "HTTP/1.1 200 OK"
2026-01-06 19:39:32,228 - INFO - Сообщение отправлено в Telegram
2026-01-06 19:39:32,228 - INFO - 
[!] Сигналов на покупку нет
2026-01-06 19:39:32,229 - INFO - 
Капитал: 1,000,000 RUB
2026-01-06 19:39:32,229 - INFO - Статус: OK
2026-01-06 19:39:32,230 - INFO - 
БОТ ЗАВЕРШИЛ РАБОТУ
